The bot is started! 2012-12-10 12:05:02
The bot is started! 2012-12-10 12:08:48
The bot is started! 2012-12-10 12:10:39
The bot is started! 2012-12-10 12:11:37
The bot is started! 2012-12-10 12:12:26
The bot is started! 2012-12-10 12:13:09
The bot is started! 2012-12-10 12:13:18
The bot is started! 2012-12-10 12:23:44
The bot is started! 2012-12-10 12:23:51
The bot is started! 2012-12-10 12:24:14
The bot is started! 2012-12-10 12:24:19
The bot is started! 2012-12-10 12:24:24
The bot is started! 2012-12-10 12:25:00
The bot is started! 2012-12-10 12:25:06
The bot is started! 2012-12-10 12:26:28
The bot is started! 2012-12-10 12:26:35
The bot is started! 2012-12-10 12:33:23
2012-12-10 12:33:47 <szymon.ron> d
2012-12-10 12:33:48 <szymon.ron> d
2012-12-10 12:33:48 <szymon.ron> dd
2012-12-10 12:33:48 <szymon.ron> d
2012-12-10 12:33:48 <szymon.ron> d
2012-12-10 12:33:49 <szymon.ron> d
2012-12-10 12:33:49 <szymon.ron> d
2012-12-10 12:33:49 <szymon.ron> d
2012-12-10 12:34:11 <szymon.ron> komora + michasia = <3
The bot is started! 2012-12-10 12:34:29
The bot is started! 2012-12-10 12:39:20
The bot is started! 2012-12-10 12:39:30
The bot is started! 2012-12-10 12:40:14
The bot is started! 2012-12-10 12:41:27
The bot is started! 2012-12-10 12:41:31
The bot is started! 2012-12-10 12:43:32
The bot is started! 2012-12-10 12:43:56
2012-12-10 12:45:25 *** szymon.ron is being a moron trying to flood the channel
The bot is started! 2012-12-10 12:45:27
2012-12-10 12:45:34 *** szymon.ron is being a moron trying to flood the channel
The bot is started! 2012-12-10 12:45:36
The bot is started! 2012-12-10 12:56:57
The bot is started! 2012-12-10 12:57:08
2012-12-10 12:57:20 <szymon.ron> krzysiek
2012-12-10 12:57:23 <szymon.ron> szymonek
The bot is started! 2012-12-10 12:57:54
The bot is started! 2012-12-10 12:58:01
The bot is started! 2012-12-10 12:58:56
The bot is started! 2012-12-10 12:59:00
The bot is started! 2012-12-10 12:59:24
The bot is started! 2012-12-10 12:59:33
The bot is started! 2012-12-10 13:01:05
The bot is started! 2012-12-10 13:01:12
The bot is started! 2012-12-10 13:01:28
The bot is started! 2012-12-10 13:01:33
The bot is started! 2012-12-10 13:01:38
The bot is started! 2012-12-10 13:02:30
The bot is started! 2012-12-10 13:02:33
The bot is started! 2012-12-10 13:30:45
The bot is started! 2012-12-10 13:31:42
The bot is started! 2012-12-10 13:32:15
The bot is started! 2012-12-10 13:33:38
The bot is started! 2012-12-10 13:33:42
The bot is started! 2012-12-10 13:35:08
The bot is started! 2012-12-10 13:35:11
The bot is started! 2012-12-10 13:37:33
The bot is started! 2012-12-10 13:40:35
The bot is started! 2012-12-10 13:44:05
The bot is started! 2012-12-10 13:44:57
The bot is started! 2012-12-10 13:45:07
The bot is started! 2012-12-10 13:45:42
The bot is started! 2012-12-10 13:47:08
The bot is started! 2012-12-10 13:47:24
The bot is started! 2012-12-10 13:47:39
The bot is started! 2012-12-10 13:48:01
The bot is started! 2012-12-10 13:48:24
The bot is started! 2012-12-10 13:49:43
The bot is started! 2012-12-10 13:50:14
The bot is started! 2012-12-10 13:50:57
The bot is started! 2012-12-10 13:57:23
The bot is started! 2012-12-10 13:57:41
The bot is started! 2012-12-10 13:58:11
The bot is started! 2012-12-10 13:58:25
The bot is started! 2012-12-10 13:58:29
The bot is started! 2012-12-10 13:58:45
The bot is started! 2012-12-10 14:01:17
The bot is started! 2012-12-10 14:01:20
The bot is started! 2012-12-10 14:01:24
The bot is started! 2012-12-10 14:01:31
The bot is started! 2012-12-10 14:01:37
The bot is started! 2012-12-10 14:03:11
2012-12-10 14:04:21 <szymon.ron> komora
2012-12-10 14:04:23 <szymon.ron> ooo
2012-12-10 14:04:35 <szymon.ron> nie pisz z nia
