The bot is started! 2012-12-07 12:41:00
2012-12-07 12:41:40 <lczernecki93> hej
2012-12-07 12:41:46 <lczernecki93> hejka
2012-12-07 12:42:00 <lczernecki93> gramy w siate dzis?
The bot is started! 2012-12-07 12:46:39
The bot is started! 2012-12-07 12:47:22
The bot is started! 2012-12-07 12:50:04
2012-12-07 12:50:04 <lczernecki93> :)
The bot is started! 2012-12-07 12:50:49
The bot is started! 2012-12-07 12:51:37
The bot is started! 2012-12-07 12:52:38
The bot is started! 2012-12-07 12:55:04
The bot is started! 2012-12-07 12:56:36
The bot is started! 2012-12-07 12:56:58
The bot is started! 2012-12-07 12:57:40
2012-12-07 12:59:08 <lczernecki93> co
2012-12-07 12:59:17 <lczernecki93> poklikamy?
2012-12-07 12:59:26 <lczernecki93> jesteś? odp.
The bot is started! 2012-12-07 12:59:52
2012-12-07 12:59:56 <lczernecki93> ok
2012-12-07 13:00:02 <lczernecki93> poklikasz?
The bot is started! 2012-12-07 13:01:26
2012-12-07 13:01:32 <lczernecki93> hmm
2012-12-07 13:01:33 <lczernecki93> siemk
2012-12-07 13:01:34 <lczernecki93> a
The bot is started! 2012-12-07 13:01:48
2012-12-07 13:01:51 <lczernecki93> co tam?
The bot is started! 2012-12-07 13:02:07
2012-12-07 13:02:07 <lczernecki93> czemu jestes offline> nie chcesz pisac????
2012-12-07 13:02:13 <lczernecki93> nie checsz>
2012-12-07 13:02:15 <lczernecki93> ehyy?/
The bot is started! 2012-12-07 13:02:27
2012-12-07 13:02:28 <lczernecki93> odpisz cos
2012-12-07 13:02:30 <lczernecki93> a teraz
The bot is started! 2012-12-07 13:02:45
The bot is started! 2012-12-07 13:02:54
2012-12-07 13:02:59 <lczernecki93> napisz cos do mnie
The bot is started! 2012-12-07 13:29:55
The bot is started! 2012-12-07 13:31:47
The bot is started! 2012-12-07 13:32:12
2012-12-07 13:35:18 <lczernecki93> nie ide do szkoly, plan mnie nie interesuj3!! <333 pozdro dla b@jowiczuuuf!!
The bot is started! 2012-12-07 13:38:12
The bot is started! 2012-12-07 13:38:34
The bot is started! 2012-12-07 13:38:44
The bot is started! 2012-12-07 13:38:46
2012-12-07 13:39:20 <lczernecki93> plan
The bot is started! 2012-12-07 13:39:32
The bot is started! 2012-12-07 13:40:06
The bot is started! 2012-12-07 13:40:37
The bot is started! 2012-12-07 13:40:48
The bot is started! 2012-12-07 13:41:09
The bot is started! 2012-12-07 13:43:00
The bot is started! 2012-12-07 13:43:39
The bot is started! 2012-12-07 13:43:43
The bot is started! 2012-12-07 13:45:32
The bot is started! 2012-12-07 13:45:38
The bot is started! 2012-12-07 13:45:53
The bot is started! 2012-12-07 13:48:31
The bot is started! 2012-12-07 13:48:34
The bot is started! 2012-12-07 13:51:38
The bot is started! 2012-12-07 13:52:33
The bot is started! 2012-12-07 13:54:50
The bot is started! 2012-12-07 13:54:53
The bot is started! 2012-12-07 13:55:50
The bot is started! 2012-12-07 13:56:38
The bot is started! 2012-12-07 13:56:42
The bot is started! 2012-12-07 13:56:46
The bot is started! 2012-12-07 13:56:48
The bot is started! 2012-12-07 13:56:51
The bot is started! 2012-12-07 13:57:21
The bot is started! 2012-12-07 13:57:58
The bot is started! 2012-12-07 13:58:28
The bot is started! 2012-12-07 13:58:33
The bot is started! 2012-12-07 13:58:50
The bot is started! 2012-12-07 13:58:57
The bot is started! 2012-12-07 13:59:42
The bot is started! 2012-12-07 14:00:32
The bot is started! 2012-12-07 14:00:36
The bot is started! 2012-12-07 14:00:50
The bot is started! 2012-12-07 14:00:52
2012-12-07 14:01:06 <lczernecki93> dzialaj no!
The bot is started! 2012-12-07 14:01:16
The bot is started! 2012-12-07 14:01:31
The bot is started! 2012-12-07 14:02:09
The bot is started! 2012-12-07 14:02:20
The bot is started! 2012-12-07 14:02:44
The bot is started! 2012-12-07 14:03:05
The bot is started! 2012-12-07 14:03:22
The bot is started! 2012-12-07 14:03:34
